ISim log file
Running: F:\programming\VHDL\Milestone1\Regester file\RegesterFile\testWrite_isim_beh.exe -intstyle ise -gui -tclbatch isim.cmd -wdb F:/programming/VHDL/Milestone1/Regester file/RegesterFile/testWrite_isim_beh.wdb 
ISim P.58f (signature 0x8ef4fb42)
This is a Full version of ISim.
Time resolution is 1 ps
# onerror resume
# wave add /
# run 1000 ns
Simulator is doing circuit initialization process.
Finished circuit initialization process.
at 100 ns(1): Note: tmp = 1 (/testwrite/uut/dec/).
at 105 ns(1): Note: tmp = 1 (/testwrite/uut/dec/).
at 110 ns(1): Note: tmp = 1 (/testwrite/uut/dec/).
at 115 ns(1): Note: tmp = 1 (/testwrite/uut/dec/).
at 120 ns(1): Note: tmp = 1 (/testwrite/uut/dec/).
at 125 ns(1): Note: tmp = 1 (/testwrite/uut/dec/).
at 130 ns(1): Note: tmp = 1 (/testwrite/uut/dec/).
at 135 ns(1): Note: tmp = 1 (/testwrite/uut/dec/).
at 140 ns(1): Note: tmp = 1 (/testwrite/uut/dec/).
at 145 ns(1): Note: tmp = 1 (/testwrite/uut/dec/).
at 150 ns(1): Note: tmp = 1 (/testwrite/uut/dec/).
at 155 ns(1): Note: tmp = 1 (/testwrite/uut/dec/).
at 160 ns(1): Note: tmp = 1 (/testwrite/uut/dec/).
at 165 ns(1): Note: tmp = 1 (/testwrite/uut/dec/).
at 170 ns(1): Note: tmp = 1 (/testwrite/uut/dec/).
at 175 ns(1): Note: tmp = 1 (/testwrite/uut/dec/).
at 180 ns(1): Note: tmp = 1 (/testwrite/uut/dec/).
at 185 ns(1): Note: tmp = 1 (/testwrite/uut/dec/).
at 190 ns(1): Note: tmp = 1 (/testwrite/uut/dec/).
at 195 ns(1): Note: tmp = 1 (/testwrite/uut/dec/).
at 200 ns(1): Note: tmp = 1 (/testwrite/uut/dec/).
at 205 ns(1): Note: tmp = 1 (/testwrite/uut/dec/).
at 210 ns(1): Note: tmp = 1 (/testwrite/uut/dec/).
at 215 ns(1): Note: tmp = 1 (/testwrite/uut/dec/).
at 220 ns(1): Note: tmp = 1 (/testwrite/uut/dec/).
at 225 ns(1): Note: tmp = 1 (/testwrite/uut/dec/).
at 230 ns(1): Note: tmp = 1 (/testwrite/uut/dec/).
at 235 ns(1): Note: tmp = 1 (/testwrite/uut/dec/).
at 240 ns(1): Note: tmp = 1 (/testwrite/uut/dec/).
at 245 ns(1): Note: tmp = 1 (/testwrite/uut/dec/).
at 250 ns(1): Note: tmp = 1 (/testwrite/uut/dec/).
at 255 ns(1): Note: tmp = 1 (/testwrite/uut/dec/).
at 260 ns(1): Note: tmp = 1 (/testwrite/uut/dec/).
at 265 ns(1): Note: tmp = 1 (/testwrite/uut/dec/).
at 270 ns(1): Note: tmp = 1 (/testwrite/uut/dec/).
at 275 ns(1): Note: tmp = 1 (/testwrite/uut/dec/).
at 280 ns(1): Note: tmp = 1 (/testwrite/uut/dec/).
at 285 ns(1): Note: tmp = 1 (/testwrite/uut/dec/).
at 290 ns(1): Note: tmp = 1 (/testwrite/uut/dec/).
at 295 ns(1): Note: tmp = 1 (/testwrite/uut/dec/).
at 300 ns(1): Note: tmp = 1 (/testwrite/uut/dec/).
at 305 ns(1): Note: tmp = 1 (/testwrite/uut/dec/).
at 310 ns(1): Note: tmp = 1 (/testwrite/uut/dec/).
at 315 ns(1): Note: tmp = 1 (/testwrite/uut/dec/).
at 320 ns(1): Note: tmp = 1 (/testwrite/uut/dec/).
at 325 ns(1): Note: tmp = 1 (/testwrite/uut/dec/).
at 330 ns(1): Note: tmp = 1 (/testwrite/uut/dec/).
at 335 ns(1): Note: tmp = 1 (/testwrite/uut/dec/).
at 340 ns(1): Note: tmp = 1 (/testwrite/uut/dec/).
at 345 ns(1): Note: tmp = 1 (/testwrite/uut/dec/).
at 350 ns(1): Note: tmp = 1 (/testwrite/uut/dec/).
at 355 ns(1): Note: tmp = 1 (/testwrite/uut/dec/).
at 360 ns(1): Note: tmp = 1 (/testwrite/uut/dec/).
at 365 ns(1): Note: tmp = 1 (/testwrite/uut/dec/).
at 370 ns(1): Note: tmp = 1 (/testwrite/uut/dec/).
at 375 ns(1): Note: tmp = 1 (/testwrite/uut/dec/).
at 380 ns(1): Note: tmp = 1 (/testwrite/uut/dec/).
at 385 ns(1): Note: tmp = 1 (/testwrite/uut/dec/).
at 390 ns(1): Note: tmp = 1 (/testwrite/uut/dec/).
at 395 ns(1): Note: tmp = 1 (/testwrite/uut/dec/).
at 400 ns(1): Note: tmp = 1 (/testwrite/uut/dec/).
at 405 ns(1): Note: tmp = 1 (/testwrite/uut/dec/).
at 410 ns(1): Note: tmp = 1 (/testwrite/uut/dec/).
at 415 ns(1): Note: tmp = 1 (/testwrite/uut/dec/).
at 420 ns(1): Note: tmp = 1 (/testwrite/uut/dec/).
at 425 ns(1): Note: tmp = 1 (/testwrite/uut/dec/).
at 430 ns(1): Note: tmp = 1 (/testwrite/uut/dec/).
at 435 ns(1): Note: tmp = 1 (/testwrite/uut/dec/).
at 440 ns(1): Note: tmp = 1 (/testwrite/uut/dec/).
at 445 ns(1): Note: tmp = 1 (/testwrite/uut/dec/).
at 450 ns(1): Note: tmp = 1 (/testwrite/uut/dec/).
at 455 ns(1): Note: tmp = 1 (/testwrite/uut/dec/).
at 460 ns(1): Note: tmp = 1 (/testwrite/uut/dec/).
at 465 ns(1): Note: tmp = 1 (/testwrite/uut/dec/).
at 470 ns(1): Note: tmp = 1 (/testwrite/uut/dec/).
at 475 ns(1): Note: tmp = 1 (/testwrite/uut/dec/).
at 480 ns(1): Note: tmp = 1 (/testwrite/uut/dec/).
at 485 ns(1): Note: tmp = 1 (/testwrite/uut/dec/).
at 490 ns(1): Note: tmp = 1 (/testwrite/uut/dec/).
at 495 ns(1): Note: tmp = 1 (/testwrite/uut/dec/).
at 500 ns(1): Note: tmp = 1 (/testwrite/uut/dec/).
at 505 ns(1): Note: tmp = 1 (/testwrite/uut/dec/).
at 510 ns(1): Note: tmp = 1 (/testwrite/uut/dec/).
at 515 ns(1): Note: tmp = 1 (/testwrite/uut/dec/).
at 520 ns(1): Note: tmp = 1 (/testwrite/uut/dec/).
at 525 ns(1): Note: tmp = 1 (/testwrite/uut/dec/).
at 530 ns(1): Note: tmp = 1 (/testwrite/uut/dec/).
at 535 ns(1): Note: tmp = 1 (/testwrite/uut/dec/).
at 540 ns(1): Note: tmp = 1 (/testwrite/uut/dec/).
at 545 ns(1): Note: tmp = 1 (/testwrite/uut/dec/).
at 550 ns(1): Note: tmp = 1 (/testwrite/uut/dec/).
at 555 ns(1): Note: tmp = 1 (/testwrite/uut/dec/).
at 560 ns(1): Note: tmp = 1 (/testwrite/uut/dec/).
at 565 ns(1): Note: tmp = 1 (/testwrite/uut/dec/).
at 570 ns(1): Note: tmp = 1 (/testwrite/uut/dec/).
at 575 ns(1): Note: tmp = 1 (/testwrite/uut/dec/).
at 580 ns(1): Note: tmp = 1 (/testwrite/uut/dec/).
at 585 ns(1): Note: tmp = 1 (/testwrite/uut/dec/).
at 590 ns(1): Note: tmp = 1 (/testwrite/uut/dec/).
at 595 ns(1): Note: tmp = 1 (/testwrite/uut/dec/).
at 600 ns(1): Note: tmp = 1 (/testwrite/uut/dec/).
at 605 ns(1): Note: tmp = 1 (/testwrite/uut/dec/).
at 610 ns(1): Note: tmp = 1 (/testwrite/uut/dec/).
at 615 ns(1): Note: tmp = 1 (/testwrite/uut/dec/).
at 620 ns(1): Note: tmp = 1 (/testwrite/uut/dec/).
at 625 ns(1): Note: tmp = 1 (/testwrite/uut/dec/).
at 630 ns(1): Note: tmp = 1 (/testwrite/uut/dec/).
at 635 ns(1): Note: tmp = 1 (/testwrite/uut/dec/).
at 640 ns(1): Note: tmp = 1 (/testwrite/uut/dec/).
at 645 ns(1): Note: tmp = 1 (/testwrite/uut/dec/).
at 650 ns(1): Note: tmp = 1 (/testwrite/uut/dec/).
at 655 ns(1): Note: tmp = 1 (/testwrite/uut/dec/).
at 660 ns(1): Note: tmp = 1 (/testwrite/uut/dec/).
at 665 ns(1): Note: tmp = 1 (/testwrite/uut/dec/).
at 670 ns(1): Note: tmp = 1 (/testwrite/uut/dec/).
at 675 ns(1): Note: tmp = 1 (/testwrite/uut/dec/).
at 680 ns(1): Note: tmp = 1 (/testwrite/uut/dec/).
at 685 ns(1): Note: tmp = 1 (/testwrite/uut/dec/).
at 690 ns(1): Note: tmp = 1 (/testwrite/uut/dec/).
at 695 ns(1): Note: tmp = 1 (/testwrite/uut/dec/).
at 700 ns(1): Note: tmp = 1 (/testwrite/uut/dec/).
at 705 ns(1): Note: tmp = 1 (/testwrite/uut/dec/).
at 710 ns(1): Note: tmp = 1 (/testwrite/uut/dec/).
at 715 ns(1): Note: tmp = 1 (/testwrite/uut/dec/).
at 720 ns(1): Note: tmp = 1 (/testwrite/uut/dec/).
at 725 ns(1): Note: tmp = 1 (/testwrite/uut/dec/).
at 730 ns(1): Note: tmp = 1 (/testwrite/uut/dec/).
at 735 ns(1): Note: tmp = 1 (/testwrite/uut/dec/).
at 740 ns(1): Note: tmp = 1 (/testwrite/uut/dec/).
at 745 ns(1): Note: tmp = 1 (/testwrite/uut/dec/).
at 750 ns(1): Note: tmp = 1 (/testwrite/uut/dec/).
at 755 ns(1): Note: tmp = 1 (/testwrite/uut/dec/).
at 760 ns(1): Note: tmp = 1 (/testwrite/uut/dec/).
at 765 ns(1): Note: tmp = 1 (/testwrite/uut/dec/).
at 770 ns(1): Note: tmp = 1 (/testwrite/uut/dec/).
at 775 ns(1): Note: tmp = 1 (/testwrite/uut/dec/).
at 780 ns(1): Note: tmp = 1 (/testwrite/uut/dec/).
at 785 ns(1): Note: tmp = 1 (/testwrite/uut/dec/).
at 790 ns(1): Note: tmp = 1 (/testwrite/uut/dec/).
at 795 ns(1): Note: tmp = 1 (/testwrite/uut/dec/).
at 800 ns(1): Note: tmp = 1 (/testwrite/uut/dec/).
at 805 ns(1): Note: tmp = 1 (/testwrite/uut/dec/).
at 810 ns(1): Note: tmp = 1 (/testwrite/uut/dec/).
at 815 ns(1): Note: tmp = 1 (/testwrite/uut/dec/).
at 820 ns(1): Note: tmp = 1 (/testwrite/uut/dec/).
at 825 ns(1): Note: tmp = 1 (/testwrite/uut/dec/).
at 830 ns(1): Note: tmp = 1 (/testwrite/uut/dec/).
at 835 ns(1): Note: tmp = 1 (/testwrite/uut/dec/).
at 840 ns(1): Note: tmp = 1 (/testwrite/uut/dec/).
at 845 ns(1): Note: tmp = 1 (/testwrite/uut/dec/).
at 850 ns(1): Note: tmp = 1 (/testwrite/uut/dec/).
at 855 ns(1): Note: tmp = 1 (/testwrite/uut/dec/).
at 860 ns(1): Note: tmp = 1 (/testwrite/uut/dec/).
at 865 ns(1): Note: tmp = 1 (/testwrite/uut/dec/).
at 870 ns(1): Note: tmp = 1 (/testwrite/uut/dec/).
at 875 ns(1): Note: tmp = 1 (/testwrite/uut/dec/).
at 880 ns(1): Note: tmp = 1 (/testwrite/uut/dec/).
at 885 ns(1): Note: tmp = 1 (/testwrite/uut/dec/).
at 890 ns(1): Note: tmp = 1 (/testwrite/uut/dec/).
at 895 ns(1): Note: tmp = 1 (/testwrite/uut/dec/).
at 900 ns(1): Note: tmp = 1 (/testwrite/uut/dec/).
at 905 ns(1): Note: tmp = 1 (/testwrite/uut/dec/).
at 910 ns(1): Note: tmp = 1 (/testwrite/uut/dec/).
at 915 ns(1): Note: tmp = 1 (/testwrite/uut/dec/).
at 920 ns(1): Note: tmp = 1 (/testwrite/uut/dec/).
at 925 ns(1): Note: tmp = 1 (/testwrite/uut/dec/).
at 930 ns(1): Note: tmp = 1 (/testwrite/uut/dec/).
at 935 ns(1): Note: tmp = 1 (/testwrite/uut/dec/).
at 940 ns(1): Note: tmp = 1 (/testwrite/uut/dec/).
at 945 ns(1): Note: tmp = 1 (/testwrite/uut/dec/).
at 950 ns(1): Note: tmp = 1 (/testwrite/uut/dec/).
at 955 ns(1): Note: tmp = 1 (/testwrite/uut/dec/).
at 960 ns(1): Note: tmp = 1 (/testwrite/uut/dec/).
at 965 ns(1): Note: tmp = 1 (/testwrite/uut/dec/).
at 970 ns(1): Note: tmp = 1 (/testwrite/uut/dec/).
at 975 ns(1): Note: tmp = 1 (/testwrite/uut/dec/).
at 980 ns(1): Note: tmp = 1 (/testwrite/uut/dec/).
at 985 ns(1): Note: tmp = 1 (/testwrite/uut/dec/).
at 990 ns(1): Note: tmp = 1 (/testwrite/uut/dec/).
at 995 ns(1): Note: tmp = 1 (/testwrite/uut/dec/).
at 1 us(1): Note: tmp = 1 (/testwrite/uut/dec/).
