--------------------------------------------------------------------------------
Release 14.5 Trace  (nt)
Copyright (c) 1995-2012 Xilinx, Inc.  All rights reserved.

C:\Xilinx\14.5\ISE_DS\ISE\bin\nt\unwrapped\trce.exe -intstyle ise -v 3 -s 3 -n
3 -fastpaths -xml ALU.twx ALU.ncd -o ALU.twr ALU.pcf

Design file:              ALU.ncd
Physical constraint file: ALU.pcf
Device,package,speed:     xc7a100t,csg324,C,-3 (PRODUCTION 1.08 2013-03-26)
Report level:             verbose report

Environment Variable      Effect 
--------------------      ------ 
NONE                      No environment variables were set
--------------------------------------------------------------------------------

INFO:Timing:2698 - No timing constraints found, doing default enumeration.
INFO:Timing:3412 - To improve timing, see the Timing Closure User Guide (UG612).
INFO:Timing:2752 - To get complete path coverage, use the unconstrained paths 
   option. All paths that are not constrained will be reported in the 
   unconstrained paths section(s) of the report.
INFO:Timing:3339 - The clock-to-out numbers in this timing report are based on 
   a 50 Ohm transmission line loading model.  For the details of this model, 
   and for more information on accounting for different loading conditions, 
   please see the device datasheet.



Data Sheet report:
-----------------
All values displayed in nanoseconds (ns)

Pad to Pad
---------------+---------------+---------+
Source Pad     |Destination Pad|  Delay  |
---------------+---------------+---------+
aluop<0>       |dataout<0>     |    8.718|
aluop<0>       |dataout<1>     |    8.673|
aluop<0>       |dataout<2>     |    8.563|
aluop<0>       |dataout<3>     |    8.467|
aluop<0>       |dataout<4>     |    8.360|
aluop<0>       |dataout<5>     |    8.276|
aluop<0>       |dataout<6>     |    8.598|
aluop<0>       |dataout<7>     |    8.385|
aluop<0>       |dataout<8>     |    8.498|
aluop<0>       |dataout<9>     |    8.749|
aluop<0>       |dataout<10>    |    8.517|
aluop<0>       |dataout<11>    |    8.887|
aluop<0>       |dataout<12>    |    8.236|
aluop<0>       |dataout<13>    |    8.437|
aluop<0>       |dataout<14>    |    8.744|
aluop<0>       |dataout<15>    |    8.324|
aluop<0>       |dataout<16>    |    8.410|
aluop<0>       |dataout<17>    |    7.669|
aluop<0>       |dataout<18>    |    7.606|
aluop<0>       |dataout<19>    |    7.174|
aluop<0>       |dataout<20>    |    7.478|
aluop<0>       |dataout<21>    |    7.629|
aluop<0>       |dataout<22>    |    7.752|
aluop<0>       |dataout<23>    |    7.854|
aluop<0>       |dataout<24>    |    7.867|
aluop<0>       |dataout<25>    |    8.163|
aluop<0>       |dataout<26>    |    8.154|
aluop<0>       |dataout<27>    |    8.277|
aluop<0>       |dataout<28>    |    8.394|
aluop<0>       |dataout<29>    |    8.494|
aluop<0>       |dataout<30>    |    8.787|
aluop<0>       |dataout<31>    |    8.988|
aluop<0>       |zflag          |   12.658|
aluop<1>       |dataout<0>     |    9.165|
aluop<1>       |dataout<1>     |    9.120|
aluop<1>       |dataout<2>     |    9.010|
aluop<1>       |dataout<3>     |    8.914|
aluop<1>       |dataout<4>     |    8.807|
aluop<1>       |dataout<5>     |    8.700|
aluop<1>       |dataout<6>     |    8.590|
aluop<1>       |dataout<7>     |    8.490|
aluop<1>       |dataout<8>     |    8.412|
aluop<1>       |dataout<9>     |    8.605|
aluop<1>       |dataout<10>    |    8.739|
aluop<1>       |dataout<11>    |    8.716|
aluop<1>       |dataout<12>    |    8.444|
aluop<1>       |dataout<13>    |    8.698|
aluop<1>       |dataout<14>    |    9.038|
aluop<1>       |dataout<15>    |    8.905|
aluop<1>       |dataout<16>    |    8.799|
aluop<1>       |dataout<17>    |    7.973|
aluop<1>       |dataout<18>    |    8.053|
aluop<1>       |dataout<19>    |    7.617|
aluop<1>       |dataout<20>    |    7.839|
aluop<1>       |dataout<21>    |    7.735|
aluop<1>       |dataout<22>    |    8.199|
aluop<1>       |dataout<23>    |    7.631|
aluop<1>       |dataout<24>    |    8.314|
aluop<1>       |dataout<25>    |    8.476|
aluop<1>       |dataout<26>    |    8.601|
aluop<1>       |dataout<27>    |    8.724|
aluop<1>       |dataout<28>    |    8.841|
aluop<1>       |dataout<29>    |    8.941|
aluop<1>       |dataout<30>    |    9.053|
aluop<1>       |dataout<31>    |    9.199|
aluop<1>       |zflag          |   12.669|
aluop<2>       |cflag          |   20.034|
aluop<2>       |dataout<0>     |    9.617|
aluop<2>       |dataout<1>     |    9.588|
aluop<2>       |dataout<2>     |    9.462|
aluop<2>       |dataout<3>     |    9.872|
aluop<2>       |dataout<4>     |   10.347|
aluop<2>       |dataout<5>     |   10.797|
aluop<2>       |dataout<6>     |   11.049|
aluop<2>       |dataout<7>     |   11.361|
aluop<2>       |dataout<8>     |   11.771|
aluop<2>       |dataout<9>     |   12.570|
aluop<2>       |dataout<10>    |   13.202|
aluop<2>       |dataout<11>    |   12.835|
aluop<2>       |dataout<12>    |   12.948|
aluop<2>       |dataout<13>    |   13.560|
aluop<2>       |dataout<14>    |   13.893|
aluop<2>       |dataout<15>    |   14.049|
aluop<2>       |dataout<16>    |   14.048|
aluop<2>       |dataout<17>    |   14.453|
aluop<2>       |dataout<18>    |   15.338|
aluop<2>       |dataout<19>    |   15.989|
aluop<2>       |dataout<20>    |   17.329|
aluop<2>       |dataout<21>    |   16.348|
aluop<2>       |dataout<22>    |   16.953|
aluop<2>       |dataout<23>    |   18.125|
aluop<2>       |dataout<24>    |   17.844|
aluop<2>       |dataout<25>    |   18.348|
aluop<2>       |dataout<26>    |   18.496|
aluop<2>       |dataout<27>    |   19.213|
aluop<2>       |dataout<28>    |   19.230|
aluop<2>       |dataout<29>    |   20.145|
aluop<2>       |dataout<30>    |   20.743|
aluop<2>       |dataout<31>    |   20.429|
aluop<2>       |zflag          |   22.353|
aluop<3>       |dataout<0>     |    8.365|
aluop<3>       |dataout<1>     |    8.320|
aluop<3>       |dataout<2>     |    8.210|
aluop<3>       |dataout<3>     |    8.114|
aluop<3>       |dataout<4>     |    8.007|
aluop<3>       |dataout<5>     |    7.900|
aluop<3>       |dataout<6>     |    7.790|
aluop<3>       |dataout<7>     |    7.690|
aluop<3>       |dataout<8>     |    7.583|
aluop<3>       |dataout<9>     |    7.448|
aluop<3>       |dataout<10>    |    7.336|
aluop<3>       |dataout<11>    |    6.830|
aluop<3>       |dataout<12>    |    7.125|
aluop<3>       |dataout<13>    |    7.061|
aluop<3>       |dataout<14>    |    6.713|
aluop<3>       |dataout<15>    |    7.302|
aluop<3>       |dataout<16>    |    6.954|
aluop<3>       |dataout<17>    |    7.173|
aluop<3>       |dataout<18>    |    7.253|
aluop<3>       |dataout<19>    |    6.817|
aluop<3>       |dataout<20>    |    7.039|
aluop<3>       |dataout<21>    |    6.935|
aluop<3>       |dataout<22>    |    7.399|
aluop<3>       |dataout<23>    |    6.831|
aluop<3>       |dataout<24>    |    7.514|
aluop<3>       |dataout<25>    |    7.676|
aluop<3>       |dataout<26>    |    7.801|
aluop<3>       |dataout<27>    |    7.924|
aluop<3>       |dataout<28>    |    8.041|
aluop<3>       |dataout<29>    |    8.141|
aluop<3>       |dataout<30>    |    8.253|
aluop<3>       |dataout<31>    |    8.399|
aluop<3>       |zflag          |   11.609|
cin            |cflag          |   18.794|
cin            |dataout<0>     |    7.786|
cin            |dataout<1>     |    8.737|
cin            |dataout<2>     |    8.002|
cin            |dataout<3>     |    8.632|
cin            |dataout<4>     |    9.107|
cin            |dataout<5>     |    9.557|
cin            |dataout<6>     |    9.809|
cin            |dataout<7>     |   10.121|
cin            |dataout<8>     |   10.531|
cin            |dataout<9>     |   11.330|
cin            |dataout<10>    |   11.962|
cin            |dataout<11>    |   11.595|
cin            |dataout<12>    |   11.708|
cin            |dataout<13>    |   12.320|
cin            |dataout<14>    |   12.653|
cin            |dataout<15>    |   12.809|
cin            |dataout<16>    |   12.808|
cin            |dataout<17>    |   13.213|
cin            |dataout<18>    |   14.098|
cin            |dataout<19>    |   14.749|
cin            |dataout<20>    |   16.089|
cin            |dataout<21>    |   15.108|
cin            |dataout<22>    |   15.713|
cin            |dataout<23>    |   16.885|
cin            |dataout<24>    |   16.604|
cin            |dataout<25>    |   17.108|
cin            |dataout<26>    |   17.256|
cin            |dataout<27>    |   17.973|
cin            |dataout<28>    |   17.990|
cin            |dataout<29>    |   18.905|
cin            |dataout<30>    |   19.503|
cin            |dataout<31>    |   19.189|
cin            |zflag          |   21.113|
data1<0>       |cflag          |   18.732|
data1<0>       |dataout<0>     |    7.254|
data1<0>       |dataout<1>     |    8.204|
data1<0>       |dataout<2>     |    7.940|
data1<0>       |dataout<3>     |    8.570|
data1<0>       |dataout<4>     |    9.045|
data1<0>       |dataout<5>     |    9.495|
data1<0>       |dataout<6>     |    9.747|
data1<0>       |dataout<7>     |   10.059|
data1<0>       |dataout<8>     |   10.469|
data1<0>       |dataout<9>     |   11.268|
data1<0>       |dataout<10>    |   11.900|
data1<0>       |dataout<11>    |   11.533|
data1<0>       |dataout<12>    |   11.646|
data1<0>       |dataout<13>    |   12.258|
data1<0>       |dataout<14>    |   12.591|
data1<0>       |dataout<15>    |   12.747|
data1<0>       |dataout<16>    |   12.746|
data1<0>       |dataout<17>    |   13.151|
data1<0>       |dataout<18>    |   14.036|
data1<0>       |dataout<19>    |   14.687|
data1<0>       |dataout<20>    |   16.027|
data1<0>       |dataout<21>    |   15.046|
data1<0>       |dataout<22>    |   15.651|
data1<0>       |dataout<23>    |   16.823|
data1<0>       |dataout<24>    |   16.542|
data1<0>       |dataout<25>    |   17.046|
data1<0>       |dataout<26>    |   17.194|
data1<0>       |dataout<27>    |   17.911|
data1<0>       |dataout<28>    |   17.928|
data1<0>       |dataout<29>    |   18.843|
data1<0>       |dataout<30>    |   19.441|
data1<0>       |dataout<31>    |   19.127|
data1<0>       |zflag          |   21.051|
data1<1>       |cflag          |   18.699|
data1<1>       |dataout<1>     |    7.782|
data1<1>       |dataout<2>     |    7.907|
data1<1>       |dataout<3>     |    8.537|
data1<1>       |dataout<4>     |    9.012|
data1<1>       |dataout<5>     |    9.462|
data1<1>       |dataout<6>     |    9.714|
data1<1>       |dataout<7>     |   10.026|
data1<1>       |dataout<8>     |   10.436|
data1<1>       |dataout<9>     |   11.235|
data1<1>       |dataout<10>    |   11.867|
data1<1>       |dataout<11>    |   11.500|
data1<1>       |dataout<12>    |   11.613|
data1<1>       |dataout<13>    |   12.225|
data1<1>       |dataout<14>    |   12.558|
data1<1>       |dataout<15>    |   12.714|
data1<1>       |dataout<16>    |   12.713|
data1<1>       |dataout<17>    |   13.118|
data1<1>       |dataout<18>    |   14.003|
data1<1>       |dataout<19>    |   14.654|
data1<1>       |dataout<20>    |   15.994|
data1<1>       |dataout<21>    |   15.013|
data1<1>       |dataout<22>    |   15.618|
data1<1>       |dataout<23>    |   16.790|
data1<1>       |dataout<24>    |   16.509|
data1<1>       |dataout<25>    |   17.013|
data1<1>       |dataout<26>    |   17.161|
data1<1>       |dataout<27>    |   17.878|
data1<1>       |dataout<28>    |   17.895|
data1<1>       |dataout<29>    |   18.810|
data1<1>       |dataout<30>    |   19.408|
data1<1>       |dataout<31>    |   19.094|
data1<1>       |zflag          |   21.018|
data1<2>       |cflag          |   17.967|
data1<2>       |dataout<2>     |    7.535|
data1<2>       |dataout<3>     |    8.535|
data1<2>       |dataout<4>     |    8.280|
data1<2>       |dataout<5>     |    8.730|
data1<2>       |dataout<6>     |    8.982|
data1<2>       |dataout<7>     |    9.294|
data1<2>       |dataout<8>     |    9.704|
data1<2>       |dataout<9>     |   10.503|
data1<2>       |dataout<10>    |   11.135|
data1<2>       |dataout<11>    |   10.768|
data1<2>       |dataout<12>    |   10.881|
data1<2>       |dataout<13>    |   11.493|
data1<2>       |dataout<14>    |   11.826|
data1<2>       |dataout<15>    |   11.982|
data1<2>       |dataout<16>    |   11.981|
data1<2>       |dataout<17>    |   12.386|
data1<2>       |dataout<18>    |   13.271|
data1<2>       |dataout<19>    |   13.922|
data1<2>       |dataout<20>    |   15.262|
data1<2>       |dataout<21>    |   14.281|
data1<2>       |dataout<22>    |   14.886|
data1<2>       |dataout<23>    |   16.058|
data1<2>       |dataout<24>    |   15.777|
data1<2>       |dataout<25>    |   16.281|
data1<2>       |dataout<26>    |   16.429|
data1<2>       |dataout<27>    |   17.146|
data1<2>       |dataout<28>    |   17.163|
data1<2>       |dataout<29>    |   18.078|
data1<2>       |dataout<30>    |   18.676|
data1<2>       |dataout<31>    |   18.362|
data1<2>       |zflag          |   20.286|
data1<3>       |cflag          |   18.013|
data1<3>       |dataout<3>     |    8.675|
data1<3>       |dataout<4>     |    8.326|
data1<3>       |dataout<5>     |    8.776|
data1<3>       |dataout<6>     |    9.028|
data1<3>       |dataout<7>     |    9.340|
data1<3>       |dataout<8>     |    9.750|
data1<3>       |dataout<9>     |   10.549|
data1<3>       |dataout<10>    |   11.181|
data1<3>       |dataout<11>    |   10.814|
data1<3>       |dataout<12>    |   10.927|
data1<3>       |dataout<13>    |   11.539|
data1<3>       |dataout<14>    |   11.872|
data1<3>       |dataout<15>    |   12.028|
data1<3>       |dataout<16>    |   12.027|
data1<3>       |dataout<17>    |   12.432|
data1<3>       |dataout<18>    |   13.317|
data1<3>       |dataout<19>    |   13.968|
data1<3>       |dataout<20>    |   15.308|
data1<3>       |dataout<21>    |   14.327|
data1<3>       |dataout<22>    |   14.932|
data1<3>       |dataout<23>    |   16.104|
data1<3>       |dataout<24>    |   15.823|
data1<3>       |dataout<25>    |   16.327|
data1<3>       |dataout<26>    |   16.475|
data1<3>       |dataout<27>    |   17.192|
data1<3>       |dataout<28>    |   17.209|
data1<3>       |dataout<29>    |   18.124|
data1<3>       |dataout<30>    |   18.722|
data1<3>       |dataout<31>    |   18.408|
data1<3>       |zflag          |   20.332|
data1<4>       |cflag          |   17.325|
data1<4>       |dataout<4>     |    7.908|
data1<4>       |dataout<5>     |    8.110|
data1<4>       |dataout<6>     |    8.340|
data1<4>       |dataout<7>     |    8.652|
data1<4>       |dataout<8>     |    9.062|
data1<4>       |dataout<9>     |    9.861|
data1<4>       |dataout<10>    |   10.493|
data1<4>       |dataout<11>    |   10.126|
data1<4>       |dataout<12>    |   10.239|
data1<4>       |dataout<13>    |   10.851|
data1<4>       |dataout<14>    |   11.184|
data1<4>       |dataout<15>    |   11.340|
data1<4>       |dataout<16>    |   11.339|
data1<4>       |dataout<17>    |   11.744|
data1<4>       |dataout<18>    |   12.629|
data1<4>       |dataout<19>    |   13.280|
data1<4>       |dataout<20>    |   14.620|
data1<4>       |dataout<21>    |   13.639|
data1<4>       |dataout<22>    |   14.244|
data1<4>       |dataout<23>    |   15.416|
data1<4>       |dataout<24>    |   15.135|
data1<4>       |dataout<25>    |   15.639|
data1<4>       |dataout<26>    |   15.787|
data1<4>       |dataout<27>    |   16.504|
data1<4>       |dataout<28>    |   16.521|
data1<4>       |dataout<29>    |   17.436|
data1<4>       |dataout<30>    |   18.034|
data1<4>       |dataout<31>    |   17.720|
data1<4>       |zflag          |   19.644|
data1<5>       |cflag          |   17.592|
data1<5>       |dataout<5>     |    8.222|
data1<5>       |dataout<6>     |    8.607|
data1<5>       |dataout<7>     |    8.919|
data1<5>       |dataout<8>     |    9.329|
data1<5>       |dataout<9>     |   10.128|
data1<5>       |dataout<10>    |   10.760|
data1<5>       |dataout<11>    |   10.393|
data1<5>       |dataout<12>    |   10.506|
data1<5>       |dataout<13>    |   11.118|
data1<5>       |dataout<14>    |   11.451|
data1<5>       |dataout<15>    |   11.607|
data1<5>       |dataout<16>    |   11.606|
data1<5>       |dataout<17>    |   12.011|
data1<5>       |dataout<18>    |   12.896|
data1<5>       |dataout<19>    |   13.547|
data1<5>       |dataout<20>    |   14.887|
data1<5>       |dataout<21>    |   13.906|
data1<5>       |dataout<22>    |   14.511|
data1<5>       |dataout<23>    |   15.683|
data1<5>       |dataout<24>    |   15.402|
data1<5>       |dataout<25>    |   15.906|
data1<5>       |dataout<26>    |   16.054|
data1<5>       |dataout<27>    |   16.771|
data1<5>       |dataout<28>    |   16.788|
data1<5>       |dataout<29>    |   17.703|
data1<5>       |dataout<30>    |   18.301|
data1<5>       |dataout<31>    |   17.987|
data1<5>       |zflag          |   19.911|
data1<6>       |cflag          |   16.528|
data1<6>       |dataout<6>     |    8.087|
data1<6>       |dataout<7>     |    7.914|
data1<6>       |dataout<8>     |    8.265|
data1<6>       |dataout<9>     |    9.064|
data1<6>       |dataout<10>    |    9.696|
data1<6>       |dataout<11>    |    9.329|
data1<6>       |dataout<12>    |    9.442|
data1<6>       |dataout<13>    |   10.054|
data1<6>       |dataout<14>    |   10.387|
data1<6>       |dataout<15>    |   10.543|
data1<6>       |dataout<16>    |   10.542|
data1<6>       |dataout<17>    |   10.947|
data1<6>       |dataout<18>    |   11.832|
data1<6>       |dataout<19>    |   12.483|
data1<6>       |dataout<20>    |   13.823|
data1<6>       |dataout<21>    |   12.842|
data1<6>       |dataout<22>    |   13.447|
data1<6>       |dataout<23>    |   14.619|
data1<6>       |dataout<24>    |   14.338|
data1<6>       |dataout<25>    |   14.842|
data1<6>       |dataout<26>    |   14.990|
data1<6>       |dataout<27>    |   15.707|
data1<6>       |dataout<28>    |   15.724|
data1<6>       |dataout<29>    |   16.639|
data1<6>       |dataout<30>    |   17.237|
data1<6>       |dataout<31>    |   16.923|
data1<6>       |zflag          |   18.847|
data1<7>       |cflag          |   16.340|
data1<7>       |dataout<7>     |    8.250|
data1<7>       |dataout<8>     |    8.077|
data1<7>       |dataout<9>     |    8.876|
data1<7>       |dataout<10>    |    9.508|
data1<7>       |dataout<11>    |    9.141|
data1<7>       |dataout<12>    |    9.254|
data1<7>       |dataout<13>    |    9.866|
data1<7>       |dataout<14>    |   10.199|
data1<7>       |dataout<15>    |   10.355|
data1<7>       |dataout<16>    |   10.354|
data1<7>       |dataout<17>    |   10.759|
data1<7>       |dataout<18>    |   11.644|
data1<7>       |dataout<19>    |   12.295|
data1<7>       |dataout<20>    |   13.635|
data1<7>       |dataout<21>    |   12.654|
data1<7>       |dataout<22>    |   13.259|
data1<7>       |dataout<23>    |   14.431|
data1<7>       |dataout<24>    |   14.150|
data1<7>       |dataout<25>    |   14.654|
data1<7>       |dataout<26>    |   14.802|
data1<7>       |dataout<27>    |   15.519|
data1<7>       |dataout<28>    |   15.536|
data1<7>       |dataout<29>    |   16.451|
data1<7>       |dataout<30>    |   17.049|
data1<7>       |dataout<31>    |   16.735|
data1<7>       |zflag          |   18.659|
data1<8>       |cflag          |   16.074|
data1<8>       |dataout<8>     |    7.389|
data1<8>       |dataout<9>     |    8.610|
data1<8>       |dataout<10>    |    9.242|
data1<8>       |dataout<11>    |    8.875|
data1<8>       |dataout<12>    |    8.988|
data1<8>       |dataout<13>    |    9.600|
data1<8>       |dataout<14>    |    9.933|
data1<8>       |dataout<15>    |   10.089|
data1<8>       |dataout<16>    |   10.088|
data1<8>       |dataout<17>    |   10.493|
data1<8>       |dataout<18>    |   11.378|
data1<8>       |dataout<19>    |   12.029|
data1<8>       |dataout<20>    |   13.369|
data1<8>       |dataout<21>    |   12.388|
data1<8>       |dataout<22>    |   12.993|
data1<8>       |dataout<23>    |   14.165|
data1<8>       |dataout<24>    |   13.884|
data1<8>       |dataout<25>    |   14.388|
data1<8>       |dataout<26>    |   14.536|
data1<8>       |dataout<27>    |   15.253|
data1<8>       |dataout<28>    |   15.270|
data1<8>       |dataout<29>    |   16.185|
data1<8>       |dataout<30>    |   16.783|
data1<8>       |dataout<31>    |   16.469|
data1<8>       |zflag          |   18.393|
data1<9>       |cflag          |   15.553|
data1<9>       |dataout<9>     |    7.853|
data1<9>       |dataout<10>    |    8.398|
data1<9>       |dataout<11>    |    8.354|
data1<9>       |dataout<12>    |    8.467|
data1<9>       |dataout<13>    |    9.079|
data1<9>       |dataout<14>    |    9.412|
data1<9>       |dataout<15>    |    9.568|
data1<9>       |dataout<16>    |    9.567|
data1<9>       |dataout<17>    |    9.972|
data1<9>       |dataout<18>    |   10.857|
data1<9>       |dataout<19>    |   11.508|
data1<9>       |dataout<20>    |   12.848|
data1<9>       |dataout<21>    |   11.867|
data1<9>       |dataout<22>    |   12.472|
data1<9>       |dataout<23>    |   13.644|
data1<9>       |dataout<24>    |   13.363|
data1<9>       |dataout<25>    |   13.867|
data1<9>       |dataout<26>    |   14.015|
data1<9>       |dataout<27>    |   14.732|
data1<9>       |dataout<28>    |   14.749|
data1<9>       |dataout<29>    |   15.664|
data1<9>       |dataout<30>    |   16.262|
data1<9>       |dataout<31>    |   15.948|
data1<9>       |zflag          |   17.872|
data1<10>      |cflag          |   15.754|
data1<10>      |dataout<10>    |    8.218|
data1<10>      |dataout<11>    |    8.555|
data1<10>      |dataout<12>    |    8.668|
data1<10>      |dataout<13>    |    9.280|
data1<10>      |dataout<14>    |    9.613|
data1<10>      |dataout<15>    |    9.769|
data1<10>      |dataout<16>    |    9.768|
data1<10>      |dataout<17>    |   10.173|
data1<10>      |dataout<18>    |   11.058|
data1<10>      |dataout<19>    |   11.709|
data1<10>      |dataout<20>    |   13.049|
data1<10>      |dataout<21>    |   12.068|
data1<10>      |dataout<22>    |   12.673|
data1<10>      |dataout<23>    |   13.845|
data1<10>      |dataout<24>    |   13.564|
data1<10>      |dataout<25>    |   14.068|
data1<10>      |dataout<26>    |   14.216|
data1<10>      |dataout<27>    |   14.933|
data1<10>      |dataout<28>    |   14.950|
data1<10>      |dataout<29>    |   15.865|
data1<10>      |dataout<30>    |   16.463|
data1<10>      |dataout<31>    |   16.149|
data1<10>      |zflag          |   18.073|
data1<11>      |cflag          |   15.375|
data1<11>      |dataout<11>    |    7.693|
data1<11>      |dataout<12>    |    7.933|
data1<11>      |dataout<13>    |    8.901|
data1<11>      |dataout<14>    |    9.234|
data1<11>      |dataout<15>    |    9.390|
data1<11>      |dataout<16>    |    9.389|
data1<11>      |dataout<17>    |    9.794|
data1<11>      |dataout<18>    |   10.679|
data1<11>      |dataout<19>    |   11.330|
data1<11>      |dataout<20>    |   12.670|
data1<11>      |dataout<21>    |   11.689|
data1<11>      |dataout<22>    |   12.294|
data1<11>      |dataout<23>    |   13.466|
data1<11>      |dataout<24>    |   13.185|
data1<11>      |dataout<25>    |   13.689|
data1<11>      |dataout<26>    |   13.837|
data1<11>      |dataout<27>    |   14.554|
data1<11>      |dataout<28>    |   14.571|
data1<11>      |dataout<29>    |   15.486|
data1<11>      |dataout<30>    |   16.084|
data1<11>      |dataout<31>    |   15.770|
data1<11>      |zflag          |   17.694|
data1<12>      |cflag          |   15.381|
data1<12>      |dataout<12>    |    8.134|
data1<12>      |dataout<13>    |    8.907|
data1<12>      |dataout<14>    |    9.240|
data1<12>      |dataout<15>    |    9.396|
data1<12>      |dataout<16>    |    9.395|
data1<12>      |dataout<17>    |    9.800|
data1<12>      |dataout<18>    |   10.685|
data1<12>      |dataout<19>    |   11.336|
data1<12>      |dataout<20>    |   12.676|
data1<12>      |dataout<21>    |   11.695|
data1<12>      |dataout<22>    |   12.300|
data1<12>      |dataout<23>    |   13.472|
data1<12>      |dataout<24>    |   13.191|
data1<12>      |dataout<25>    |   13.695|
data1<12>      |dataout<26>    |   13.843|
data1<12>      |dataout<27>    |   14.560|
data1<12>      |dataout<28>    |   14.577|
data1<12>      |dataout<29>    |   15.492|
data1<12>      |dataout<30>    |   16.090|
data1<12>      |dataout<31>    |   15.776|
data1<12>      |zflag          |   17.700|
data1<13>      |cflag          |   14.651|
data1<13>      |dataout<13>    |    7.646|
data1<13>      |dataout<14>    |    8.445|
data1<13>      |dataout<15>    |    8.666|
data1<13>      |dataout<16>    |    8.665|
data1<13>      |dataout<17>    |    9.070|
data1<13>      |dataout<18>    |    9.955|
data1<13>      |dataout<19>    |   10.606|
data1<13>      |dataout<20>    |   11.946|
data1<13>      |dataout<21>    |   10.965|
data1<13>      |dataout<22>    |   11.570|
data1<13>      |dataout<23>    |   12.742|
data1<13>      |dataout<24>    |   12.461|
data1<13>      |dataout<25>    |   12.965|
data1<13>      |dataout<26>    |   13.113|
data1<13>      |dataout<27>    |   13.830|
data1<13>      |dataout<28>    |   13.847|
data1<13>      |dataout<29>    |   14.762|
data1<13>      |dataout<30>    |   15.360|
data1<13>      |dataout<31>    |   15.046|
data1<13>      |zflag          |   16.970|
data1<14>      |cflag          |   14.212|
data1<14>      |dataout<14>    |    8.448|
data1<14>      |dataout<15>    |    8.227|
data1<14>      |dataout<16>    |    8.226|
data1<14>      |dataout<17>    |    8.631|
data1<14>      |dataout<18>    |    9.516|
data1<14>      |dataout<19>    |   10.167|
data1<14>      |dataout<20>    |   11.507|
data1<14>      |dataout<21>    |   10.526|
data1<14>      |dataout<22>    |   11.131|
data1<14>      |dataout<23>    |   12.303|
data1<14>      |dataout<24>    |   12.022|
data1<14>      |dataout<25>    |   12.526|
data1<14>      |dataout<26>    |   12.674|
data1<14>      |dataout<27>    |   13.391|
data1<14>      |dataout<28>    |   13.408|
data1<14>      |dataout<29>    |   14.323|
data1<14>      |dataout<30>    |   14.921|
data1<14>      |dataout<31>    |   14.607|
data1<14>      |zflag          |   16.531|
data1<15>      |cflag          |   13.859|
data1<15>      |dataout<15>    |    7.853|
data1<15>      |dataout<16>    |    7.886|
data1<15>      |dataout<17>    |    8.278|
data1<15>      |dataout<18>    |    9.163|
data1<15>      |dataout<19>    |    9.814|
data1<15>      |dataout<20>    |   11.154|
data1<15>      |dataout<21>    |   10.173|
data1<15>      |dataout<22>    |   10.778|
data1<15>      |dataout<23>    |   11.950|
data1<15>      |dataout<24>    |   11.669|
data1<15>      |dataout<25>    |   12.173|
data1<15>      |dataout<26>    |   12.321|
data1<15>      |dataout<27>    |   13.038|
data1<15>      |dataout<28>    |   13.055|
data1<15>      |dataout<29>    |   13.970|
data1<15>      |dataout<30>    |   14.568|
data1<15>      |dataout<31>    |   14.254|
data1<15>      |zflag          |   16.178|
data1<16>      |cflag          |   14.154|
data1<16>      |dataout<16>    |    7.966|
data1<16>      |dataout<17>    |    8.573|
data1<16>      |dataout<18>    |    9.458|
data1<16>      |dataout<19>    |   10.109|
data1<16>      |dataout<20>    |   11.449|
data1<16>      |dataout<21>    |   10.468|
data1<16>      |dataout<22>    |   11.073|
data1<16>      |dataout<23>    |   12.245|
data1<16>      |dataout<24>    |   11.964|
data1<16>      |dataout<25>    |   12.468|
data1<16>      |dataout<26>    |   12.616|
data1<16>      |dataout<27>    |   13.333|
data1<16>      |dataout<28>    |   13.350|
data1<16>      |dataout<29>    |   14.265|
data1<16>      |dataout<30>    |   14.863|
data1<16>      |dataout<31>    |   14.549|
data1<16>      |zflag          |   16.473|
data1<17>      |cflag          |   12.605|
data1<17>      |dataout<17>    |    6.813|
data1<17>      |dataout<18>    |    8.497|
data1<17>      |dataout<19>    |    8.560|
data1<17>      |dataout<20>    |    9.900|
data1<17>      |dataout<21>    |    8.919|
data1<17>      |dataout<22>    |    9.524|
data1<17>      |dataout<23>    |   10.696|
data1<17>      |dataout<24>    |   10.415|
data1<17>      |dataout<25>    |   10.919|
data1<17>      |dataout<26>    |   11.067|
data1<17>      |dataout<27>    |   11.784|
data1<17>      |dataout<28>    |   11.801|
data1<17>      |dataout<29>    |   12.716|
data1<17>      |dataout<30>    |   13.314|
data1<17>      |dataout<31>    |   13.000|
data1<17>      |zflag          |   14.924|
data1<18>      |cflag          |   11.883|
data1<18>      |dataout<18>    |    7.758|
data1<18>      |dataout<19>    |    7.838|
data1<18>      |dataout<20>    |    9.178|
data1<18>      |dataout<21>    |    8.197|
data1<18>      |dataout<22>    |    8.802|
data1<18>      |dataout<23>    |    9.974|
data1<18>      |dataout<24>    |    9.693|
data1<18>      |dataout<25>    |   10.197|
data1<18>      |dataout<26>    |   10.345|
data1<18>      |dataout<27>    |   11.062|
data1<18>      |dataout<28>    |   11.079|
data1<18>      |dataout<29>    |   11.994|
data1<18>      |dataout<30>    |   12.592|
data1<18>      |dataout<31>    |   12.278|
data1<18>      |zflag          |   14.202|
data1<19>      |cflag          |   11.642|
data1<19>      |dataout<19>    |    6.818|
data1<19>      |dataout<20>    |    7.969|
data1<19>      |dataout<21>    |    7.956|
data1<19>      |dataout<22>    |    8.561|
data1<19>      |dataout<23>    |    9.733|
data1<19>      |dataout<24>    |    9.452|
data1<19>      |dataout<25>    |    9.956|
data1<19>      |dataout<26>    |   10.104|
data1<19>      |dataout<27>    |   10.821|
data1<19>      |dataout<28>    |   10.838|
data1<19>      |dataout<29>    |   11.753|
data1<19>      |dataout<30>    |   12.351|
data1<19>      |dataout<31>    |   12.037|
data1<19>      |zflag          |   13.961|
data1<20>      |cflag          |   11.910|
data1<20>      |dataout<20>    |    7.866|
data1<20>      |dataout<21>    |    8.224|
data1<20>      |dataout<22>    |    8.829|
data1<20>      |dataout<23>    |   10.001|
data1<20>      |dataout<24>    |    9.720|
data1<20>      |dataout<25>    |   10.224|
data1<20>      |dataout<26>    |   10.372|
data1<20>      |dataout<27>    |   11.089|
data1<20>      |dataout<28>    |   11.106|
data1<20>      |dataout<29>    |   12.021|
data1<20>      |dataout<30>    |   12.619|
data1<20>      |dataout<31>    |   12.305|
data1<20>      |zflag          |   14.229|
data1<21>      |cflag          |   10.145|
data1<21>      |dataout<21>    |    7.485|
data1<21>      |dataout<22>    |    7.335|
data1<21>      |dataout<23>    |    8.236|
data1<21>      |dataout<24>    |    7.955|
data1<21>      |dataout<25>    |    8.459|
data1<21>      |dataout<26>    |    8.607|
data1<21>      |dataout<27>    |    9.324|
data1<21>      |dataout<28>    |    9.341|
data1<21>      |dataout<29>    |   10.256|
data1<21>      |dataout<30>    |   10.854|
data1<21>      |dataout<31>    |   10.540|
data1<21>      |zflag          |   12.464|
data1<22>      |cflag          |   10.241|
data1<22>      |dataout<22>    |    7.487|
data1<22>      |dataout<23>    |    8.332|
data1<22>      |dataout<24>    |    8.051|
data1<22>      |dataout<25>    |    8.555|
data1<22>      |dataout<26>    |    8.703|
data1<22>      |dataout<27>    |    9.420|
data1<22>      |dataout<28>    |    9.437|
data1<22>      |dataout<29>    |   10.352|
data1<22>      |dataout<30>    |   10.950|
data1<22>      |dataout<31>    |   10.636|
data1<22>      |zflag          |   12.560|
data1<23>      |cflag          |    9.681|
data1<23>      |dataout<23>    |    7.471|
data1<23>      |dataout<24>    |    7.735|
data1<23>      |dataout<25>    |    7.995|
data1<23>      |dataout<26>    |    8.143|
data1<23>      |dataout<27>    |    8.860|
data1<23>      |dataout<28>    |    8.877|
data1<23>      |dataout<29>    |    9.792|
data1<23>      |dataout<30>    |   10.390|
data1<23>      |dataout<31>    |   10.076|
data1<23>      |zflag          |   12.000|
data1<24>      |cflag          |    9.690|
data1<24>      |dataout<24>    |    7.744|
data1<24>      |dataout<25>    |    8.004|
data1<24>      |dataout<26>    |    8.152|
data1<24>      |dataout<27>    |    8.869|
data1<24>      |dataout<28>    |    8.886|
data1<24>      |dataout<29>    |    9.801|
data1<24>      |dataout<30>    |   10.399|
data1<24>      |dataout<31>    |   10.085|
data1<24>      |zflag          |   12.009|
data1<25>      |cflag          |    8.998|
data1<25>      |dataout<25>    |    7.552|
data1<25>      |dataout<26>    |    7.481|
data1<25>      |dataout<27>    |    8.177|
data1<25>      |dataout<28>    |    8.194|
data1<25>      |dataout<29>    |    9.109|
data1<25>      |dataout<30>    |    9.707|
data1<25>      |dataout<31>    |    9.393|
data1<25>      |zflag          |   11.317|
data1<26>      |cflag          |    9.123|
data1<26>      |dataout<26>    |    7.220|
data1<26>      |dataout<27>    |    8.302|
data1<26>      |dataout<28>    |    8.319|
data1<26>      |dataout<29>    |    9.234|
data1<26>      |dataout<30>    |    9.832|
data1<26>      |dataout<31>    |    9.518|
data1<26>      |zflag          |   11.442|
data1<27>      |cflag          |    8.562|
data1<27>      |dataout<27>    |    7.663|
data1<27>      |dataout<28>    |    7.762|
data1<27>      |dataout<29>    |    8.673|
data1<27>      |dataout<30>    |    9.271|
data1<27>      |dataout<31>    |    8.957|
data1<27>      |zflag          |   10.881|
data1<28>      |cflag          |    8.569|
data1<28>      |dataout<28>    |    7.412|
data1<28>      |dataout<29>    |    8.680|
data1<28>      |dataout<30>    |    9.278|
data1<28>      |dataout<31>    |    8.964|
data1<28>      |zflag          |   10.888|
data1<29>      |cflag          |    7.672|
data1<29>      |dataout<29>    |    7.489|
data1<29>      |dataout<30>    |    8.347|
data1<29>      |dataout<31>    |    8.067|
data1<29>      |zflag          |    9.957|
data1<30>      |cflag          |    7.491|
data1<30>      |dataout<30>    |    8.287|
data1<30>      |dataout<31>    |    7.886|
data1<30>      |zflag          |    9.897|
data1<31>      |cflag          |    6.932|
data1<31>      |dataout<31>    |    7.656|
data1<31>      |zflag          |    8.864|
data2<0>       |cflag          |   18.294|
data2<0>       |dataout<0>     |    7.019|
data2<0>       |dataout<1>     |    7.967|
data2<0>       |dataout<2>     |    7.502|
data2<0>       |dataout<3>     |    8.132|
data2<0>       |dataout<4>     |    8.607|
data2<0>       |dataout<5>     |    9.057|
data2<0>       |dataout<6>     |    9.309|
data2<0>       |dataout<7>     |    9.621|
data2<0>       |dataout<8>     |   10.031|
data2<0>       |dataout<9>     |   10.830|
data2<0>       |dataout<10>    |   11.462|
data2<0>       |dataout<11>    |   11.095|
data2<0>       |dataout<12>    |   11.208|
data2<0>       |dataout<13>    |   11.820|
data2<0>       |dataout<14>    |   12.153|
data2<0>       |dataout<15>    |   12.309|
data2<0>       |dataout<16>    |   12.308|
data2<0>       |dataout<17>    |   12.713|
data2<0>       |dataout<18>    |   13.598|
data2<0>       |dataout<19>    |   14.249|
data2<0>       |dataout<20>    |   15.589|
data2<0>       |dataout<21>    |   14.608|
data2<0>       |dataout<22>    |   15.213|
data2<0>       |dataout<23>    |   16.385|
data2<0>       |dataout<24>    |   16.104|
data2<0>       |dataout<25>    |   16.608|
data2<0>       |dataout<26>    |   16.756|
data2<0>       |dataout<27>    |   17.473|
data2<0>       |dataout<28>    |   17.490|
data2<0>       |dataout<29>    |   18.405|
data2<0>       |dataout<30>    |   19.003|
data2<0>       |dataout<31>    |   18.689|
data2<0>       |zflag          |   20.613|
data2<1>       |cflag          |   18.417|
data2<1>       |dataout<1>     |    7.878|
data2<1>       |dataout<2>     |    7.625|
data2<1>       |dataout<3>     |    8.255|
data2<1>       |dataout<4>     |    8.730|
data2<1>       |dataout<5>     |    9.180|
data2<1>       |dataout<6>     |    9.432|
data2<1>       |dataout<7>     |    9.744|
data2<1>       |dataout<8>     |   10.154|
data2<1>       |dataout<9>     |   10.953|
data2<1>       |dataout<10>    |   11.585|
data2<1>       |dataout<11>    |   11.218|
data2<1>       |dataout<12>    |   11.331|
data2<1>       |dataout<13>    |   11.943|
data2<1>       |dataout<14>    |   12.276|
data2<1>       |dataout<15>    |   12.432|
data2<1>       |dataout<16>    |   12.431|
data2<1>       |dataout<17>    |   12.836|
data2<1>       |dataout<18>    |   13.721|
data2<1>       |dataout<19>    |   14.372|
data2<1>       |dataout<20>    |   15.712|
data2<1>       |dataout<21>    |   14.731|
data2<1>       |dataout<22>    |   15.336|
data2<1>       |dataout<23>    |   16.508|
data2<1>       |dataout<24>    |   16.227|
data2<1>       |dataout<25>    |   16.731|
data2<1>       |dataout<26>    |   16.879|
data2<1>       |dataout<27>    |   17.596|
data2<1>       |dataout<28>    |   17.613|
data2<1>       |dataout<29>    |   18.528|
data2<1>       |dataout<30>    |   19.126|
data2<1>       |dataout<31>    |   18.812|
data2<1>       |zflag          |   20.736|
data2<2>       |cflag          |   17.540|
data2<2>       |dataout<2>     |    7.176|
data2<2>       |dataout<3>     |    8.027|
data2<2>       |dataout<4>     |    7.853|
data2<2>       |dataout<5>     |    8.303|
data2<2>       |dataout<6>     |    8.555|
data2<2>       |dataout<7>     |    8.867|
data2<2>       |dataout<8>     |    9.277|
data2<2>       |dataout<9>     |   10.076|
data2<2>       |dataout<10>    |   10.708|
data2<2>       |dataout<11>    |   10.341|
data2<2>       |dataout<12>    |   10.454|
data2<2>       |dataout<13>    |   11.066|
data2<2>       |dataout<14>    |   11.399|
data2<2>       |dataout<15>    |   11.555|
data2<2>       |dataout<16>    |   11.554|
data2<2>       |dataout<17>    |   11.959|
data2<2>       |dataout<18>    |   12.844|
data2<2>       |dataout<19>    |   13.495|
data2<2>       |dataout<20>    |   14.835|
data2<2>       |dataout<21>    |   13.854|
data2<2>       |dataout<22>    |   14.459|
data2<2>       |dataout<23>    |   15.631|
data2<2>       |dataout<24>    |   15.350|
data2<2>       |dataout<25>    |   15.854|
data2<2>       |dataout<26>    |   16.002|
data2<2>       |dataout<27>    |   16.719|
data2<2>       |dataout<28>    |   16.736|
data2<2>       |dataout<29>    |   17.651|
data2<2>       |dataout<30>    |   18.249|
data2<2>       |dataout<31>    |   17.935|
data2<2>       |zflag          |   19.859|
data2<3>       |cflag          |   18.163|
data2<3>       |dataout<3>     |    8.503|
data2<3>       |dataout<4>     |    8.476|
data2<3>       |dataout<5>     |    8.926|
data2<3>       |dataout<6>     |    9.178|
data2<3>       |dataout<7>     |    9.490|
data2<3>       |dataout<8>     |    9.900|
data2<3>       |dataout<9>     |   10.699|
data2<3>       |dataout<10>    |   11.331|
data2<3>       |dataout<11>    |   10.964|
data2<3>       |dataout<12>    |   11.077|
data2<3>       |dataout<13>    |   11.689|
data2<3>       |dataout<14>    |   12.022|
data2<3>       |dataout<15>    |   12.178|
data2<3>       |dataout<16>    |   12.177|
data2<3>       |dataout<17>    |   12.582|
data2<3>       |dataout<18>    |   13.467|
data2<3>       |dataout<19>    |   14.118|
data2<3>       |dataout<20>    |   15.458|
data2<3>       |dataout<21>    |   14.477|
data2<3>       |dataout<22>    |   15.082|
data2<3>       |dataout<23>    |   16.254|
data2<3>       |dataout<24>    |   15.973|
data2<3>       |dataout<25>    |   16.477|
data2<3>       |dataout<26>    |   16.625|
data2<3>       |dataout<27>    |   17.342|
data2<3>       |dataout<28>    |   17.359|
data2<3>       |dataout<29>    |   18.274|
data2<3>       |dataout<30>    |   18.872|
data2<3>       |dataout<31>    |   18.558|
data2<3>       |zflag          |   20.482|
data2<4>       |cflag          |   17.606|
data2<4>       |dataout<4>     |    7.211|
data2<4>       |dataout<5>     |    7.884|
data2<4>       |dataout<6>     |    8.621|
data2<4>       |dataout<7>     |    8.933|
data2<4>       |dataout<8>     |    9.343|
data2<4>       |dataout<9>     |   10.142|
data2<4>       |dataout<10>    |   10.774|
data2<4>       |dataout<11>    |   10.407|
data2<4>       |dataout<12>    |   10.520|
data2<4>       |dataout<13>    |   11.132|
data2<4>       |dataout<14>    |   11.465|
data2<4>       |dataout<15>    |   11.621|
data2<4>       |dataout<16>    |   11.620|
data2<4>       |dataout<17>    |   12.025|
data2<4>       |dataout<18>    |   12.910|
data2<4>       |dataout<19>    |   13.561|
data2<4>       |dataout<20>    |   14.901|
data2<4>       |dataout<21>    |   13.920|
data2<4>       |dataout<22>    |   14.525|
data2<4>       |dataout<23>    |   15.697|
data2<4>       |dataout<24>    |   15.416|
data2<4>       |dataout<25>    |   15.920|
data2<4>       |dataout<26>    |   16.068|
data2<4>       |dataout<27>    |   16.785|
data2<4>       |dataout<28>    |   16.802|
data2<4>       |dataout<29>    |   17.717|
data2<4>       |dataout<30>    |   18.315|
data2<4>       |dataout<31>    |   18.001|
data2<4>       |zflag          |   19.925|
data2<5>       |cflag          |   17.527|
data2<5>       |dataout<5>     |    8.107|
data2<5>       |dataout<6>     |    8.542|
data2<5>       |dataout<7>     |    8.854|
data2<5>       |dataout<8>     |    9.264|
data2<5>       |dataout<9>     |   10.063|
data2<5>       |dataout<10>    |   10.695|
data2<5>       |dataout<11>    |   10.328|
data2<5>       |dataout<12>    |   10.441|
data2<5>       |dataout<13>    |   11.053|
data2<5>       |dataout<14>    |   11.386|
data2<5>       |dataout<15>    |   11.542|
data2<5>       |dataout<16>    |   11.541|
data2<5>       |dataout<17>    |   11.946|
data2<5>       |dataout<18>    |   12.831|
data2<5>       |dataout<19>    |   13.482|
data2<5>       |dataout<20>    |   14.822|
data2<5>       |dataout<21>    |   13.841|
data2<5>       |dataout<22>    |   14.446|
data2<5>       |dataout<23>    |   15.618|
data2<5>       |dataout<24>    |   15.337|
data2<5>       |dataout<25>    |   15.841|
data2<5>       |dataout<26>    |   15.989|
data2<5>       |dataout<27>    |   16.706|
data2<5>       |dataout<28>    |   16.723|
data2<5>       |dataout<29>    |   17.638|
data2<5>       |dataout<30>    |   18.236|
data2<5>       |dataout<31>    |   17.922|
data2<5>       |zflag          |   19.846|
data2<6>       |cflag          |   16.420|
data2<6>       |dataout<6>     |    7.818|
data2<6>       |dataout<7>     |    7.878|
data2<6>       |dataout<8>     |    8.157|
data2<6>       |dataout<9>     |    8.956|
data2<6>       |dataout<10>    |    9.588|
data2<6>       |dataout<11>    |    9.221|
data2<6>       |dataout<12>    |    9.334|
data2<6>       |dataout<13>    |    9.946|
data2<6>       |dataout<14>    |   10.279|
data2<6>       |dataout<15>    |   10.435|
data2<6>       |dataout<16>    |   10.434|
data2<6>       |dataout<17>    |   10.839|
data2<6>       |dataout<18>    |   11.724|
data2<6>       |dataout<19>    |   12.375|
data2<6>       |dataout<20>    |   13.715|
data2<6>       |dataout<21>    |   12.734|
data2<6>       |dataout<22>    |   13.339|
data2<6>       |dataout<23>    |   14.511|
data2<6>       |dataout<24>    |   14.230|
data2<6>       |dataout<25>    |   14.734|
data2<6>       |dataout<26>    |   14.882|
data2<6>       |dataout<27>    |   15.599|
data2<6>       |dataout<28>    |   15.616|
data2<6>       |dataout<29>    |   16.531|
data2<6>       |dataout<30>    |   17.129|
data2<6>       |dataout<31>    |   16.815|
data2<6>       |zflag          |   18.739|
data2<7>       |cflag          |   16.454|
data2<7>       |dataout<7>     |    8.259|
data2<7>       |dataout<8>     |    8.191|
data2<7>       |dataout<9>     |    8.990|
data2<7>       |dataout<10>    |    9.622|
data2<7>       |dataout<11>    |    9.255|
data2<7>       |dataout<12>    |    9.368|
data2<7>       |dataout<13>    |    9.980|
data2<7>       |dataout<14>    |   10.313|
data2<7>       |dataout<15>    |   10.469|
data2<7>       |dataout<16>    |   10.468|
data2<7>       |dataout<17>    |   10.873|
data2<7>       |dataout<18>    |   11.758|
data2<7>       |dataout<19>    |   12.409|
data2<7>       |dataout<20>    |   13.749|
data2<7>       |dataout<21>    |   12.768|
data2<7>       |dataout<22>    |   13.373|
data2<7>       |dataout<23>    |   14.545|
data2<7>       |dataout<24>    |   14.264|
data2<7>       |dataout<25>    |   14.768|
data2<7>       |dataout<26>    |   14.916|
data2<7>       |dataout<27>    |   15.633|
data2<7>       |dataout<28>    |   15.650|
data2<7>       |dataout<29>    |   16.565|
data2<7>       |dataout<30>    |   17.163|
data2<7>       |dataout<31>    |   16.849|
data2<7>       |zflag          |   18.773|
data2<8>       |cflag          |   16.225|
data2<8>       |dataout<8>     |    7.609|
data2<8>       |dataout<9>     |    8.761|
data2<8>       |dataout<10>    |    9.393|
data2<8>       |dataout<11>    |    9.026|
data2<8>       |dataout<12>    |    9.139|
data2<8>       |dataout<13>    |    9.751|
data2<8>       |dataout<14>    |   10.084|
data2<8>       |dataout<15>    |   10.240|
data2<8>       |dataout<16>    |   10.239|
data2<8>       |dataout<17>    |   10.644|
data2<8>       |dataout<18>    |   11.529|
data2<8>       |dataout<19>    |   12.180|
data2<8>       |dataout<20>    |   13.520|
data2<8>       |dataout<21>    |   12.539|
data2<8>       |dataout<22>    |   13.144|
data2<8>       |dataout<23>    |   14.316|
data2<8>       |dataout<24>    |   14.035|
data2<8>       |dataout<25>    |   14.539|
data2<8>       |dataout<26>    |   14.687|
data2<8>       |dataout<27>    |   15.404|
data2<8>       |dataout<28>    |   15.421|
data2<8>       |dataout<29>    |   16.336|
data2<8>       |dataout<30>    |   16.934|
data2<8>       |dataout<31>    |   16.620|
data2<8>       |zflag          |   18.544|
data2<9>       |cflag          |   15.194|
data2<9>       |dataout<9>     |    7.365|
data2<9>       |dataout<10>    |    8.027|
data2<9>       |dataout<11>    |    7.995|
data2<9>       |dataout<12>    |    8.108|
data2<9>       |dataout<13>    |    8.720|
data2<9>       |dataout<14>    |    9.053|
data2<9>       |dataout<15>    |    9.209|
data2<9>       |dataout<16>    |    9.208|
data2<9>       |dataout<17>    |    9.613|
data2<9>       |dataout<18>    |   10.498|
data2<9>       |dataout<19>    |   11.149|
data2<9>       |dataout<20>    |   12.489|
data2<9>       |dataout<21>    |   11.508|
data2<9>       |dataout<22>    |   12.113|
data2<9>       |dataout<23>    |   13.285|
data2<9>       |dataout<24>    |   13.004|
data2<9>       |dataout<25>    |   13.508|
data2<9>       |dataout<26>    |   13.656|
data2<9>       |dataout<27>    |   14.373|
data2<9>       |dataout<28>    |   14.390|
data2<9>       |dataout<29>    |   15.305|
data2<9>       |dataout<30>    |   15.903|
data2<9>       |dataout<31>    |   15.589|
data2<9>       |zflag          |   17.513|
data2<10>      |cflag          |   15.346|
data2<10>      |dataout<10>    |    8.316|
data2<10>      |dataout<11>    |    8.147|
data2<10>      |dataout<12>    |    8.260|
data2<10>      |dataout<13>    |    8.872|
data2<10>      |dataout<14>    |    9.205|
data2<10>      |dataout<15>    |    9.361|
data2<10>      |dataout<16>    |    9.360|
data2<10>      |dataout<17>    |    9.765|
data2<10>      |dataout<18>    |   10.650|
data2<10>      |dataout<19>    |   11.301|
data2<10>      |dataout<20>    |   12.641|
data2<10>      |dataout<21>    |   11.660|
data2<10>      |dataout<22>    |   12.265|
data2<10>      |dataout<23>    |   13.437|
data2<10>      |dataout<24>    |   13.156|
data2<10>      |dataout<25>    |   13.660|
data2<10>      |dataout<26>    |   13.808|
data2<10>      |dataout<27>    |   14.525|
data2<10>      |dataout<28>    |   14.542|
data2<10>      |dataout<29>    |   15.457|
data2<10>      |dataout<30>    |   16.055|
data2<10>      |dataout<31>    |   15.741|
data2<10>      |zflag          |   17.665|
data2<11>      |cflag          |   14.962|
data2<11>      |dataout<11>    |    7.610|
data2<11>      |dataout<12>    |    7.880|
data2<11>      |dataout<13>    |    8.488|
data2<11>      |dataout<14>    |    8.821|
data2<11>      |dataout<15>    |    8.977|
data2<11>      |dataout<16>    |    8.976|
data2<11>      |dataout<17>    |    9.381|
data2<11>      |dataout<18>    |   10.266|
data2<11>      |dataout<19>    |   10.917|
data2<11>      |dataout<20>    |   12.257|
data2<11>      |dataout<21>    |   11.276|
data2<11>      |dataout<22>    |   11.881|
data2<11>      |dataout<23>    |   13.053|
data2<11>      |dataout<24>    |   12.772|
data2<11>      |dataout<25>    |   13.276|
data2<11>      |dataout<26>    |   13.424|
data2<11>      |dataout<27>    |   14.141|
data2<11>      |dataout<28>    |   14.158|
data2<11>      |dataout<29>    |   15.073|
data2<11>      |dataout<30>    |   15.671|
data2<11>      |dataout<31>    |   15.357|
data2<11>      |zflag          |   17.281|
data2<12>      |cflag          |   14.920|
data2<12>      |dataout<12>    |    7.481|
data2<12>      |dataout<13>    |    8.446|
data2<12>      |dataout<14>    |    8.779|
data2<12>      |dataout<15>    |    8.935|
data2<12>      |dataout<16>    |    8.934|
data2<12>      |dataout<17>    |    9.339|
data2<12>      |dataout<18>    |   10.224|
data2<12>      |dataout<19>    |   10.875|
data2<12>      |dataout<20>    |   12.215|
data2<12>      |dataout<21>    |   11.234|
data2<12>      |dataout<22>    |   11.839|
data2<12>      |dataout<23>    |   13.011|
data2<12>      |dataout<24>    |   12.730|
data2<12>      |dataout<25>    |   13.234|
data2<12>      |dataout<26>    |   13.382|
data2<12>      |dataout<27>    |   14.099|
data2<12>      |dataout<28>    |   14.116|
data2<12>      |dataout<29>    |   15.031|
data2<12>      |dataout<30>    |   15.629|
data2<12>      |dataout<31>    |   15.315|
data2<12>      |zflag          |   17.239|
data2<13>      |cflag          |   14.258|
data2<13>      |dataout<13>    |    7.324|
data2<13>      |dataout<14>    |    8.037|
data2<13>      |dataout<15>    |    8.273|
data2<13>      |dataout<16>    |    8.272|
data2<13>      |dataout<17>    |    8.677|
data2<13>      |dataout<18>    |    9.562|
data2<13>      |dataout<19>    |   10.213|
data2<13>      |dataout<20>    |   11.553|
data2<13>      |dataout<21>    |   10.572|
data2<13>      |dataout<22>    |   11.177|
data2<13>      |dataout<23>    |   12.349|
data2<13>      |dataout<24>    |   12.068|
data2<13>      |dataout<25>    |   12.572|
data2<13>      |dataout<26>    |   12.720|
data2<13>      |dataout<27>    |   13.437|
data2<13>      |dataout<28>    |   13.454|
data2<13>      |dataout<29>    |   14.369|
data2<13>      |dataout<30>    |   14.967|
data2<13>      |dataout<31>    |   14.653|
data2<13>      |zflag          |   16.577|
data2<14>      |cflag          |   14.139|
data2<14>      |dataout<14>    |    7.950|
data2<14>      |dataout<15>    |    8.154|
data2<14>      |dataout<16>    |    8.153|
data2<14>      |dataout<17>    |    8.558|
data2<14>      |dataout<18>    |    9.443|
data2<14>      |dataout<19>    |   10.094|
data2<14>      |dataout<20>    |   11.434|
data2<14>      |dataout<21>    |   10.453|
data2<14>      |dataout<22>    |   11.058|
data2<14>      |dataout<23>    |   12.230|
data2<14>      |dataout<24>    |   11.949|
data2<14>      |dataout<25>    |   12.453|
data2<14>      |dataout<26>    |   12.601|
data2<14>      |dataout<27>    |   13.318|
data2<14>      |dataout<28>    |   13.335|
data2<14>      |dataout<29>    |   14.250|
data2<14>      |dataout<30>    |   14.848|
data2<14>      |dataout<31>    |   14.534|
data2<14>      |zflag          |   16.458|
data2<15>      |cflag          |   13.879|
data2<15>      |dataout<15>    |    7.708|
data2<15>      |dataout<16>    |    7.373|
data2<15>      |dataout<17>    |    8.298|
data2<15>      |dataout<18>    |    9.183|
data2<15>      |dataout<19>    |    9.834|
data2<15>      |dataout<20>    |   11.174|
data2<15>      |dataout<21>    |   10.193|
data2<15>      |dataout<22>    |   10.798|
data2<15>      |dataout<23>    |   11.970|
data2<15>      |dataout<24>    |   11.689|
data2<15>      |dataout<25>    |   12.193|
data2<15>      |dataout<26>    |   12.341|
data2<15>      |dataout<27>    |   13.058|
data2<15>      |dataout<28>    |   13.075|
data2<15>      |dataout<29>    |   13.990|
data2<15>      |dataout<30>    |   14.588|
data2<15>      |dataout<31>    |   14.274|
data2<15>      |zflag          |   16.198|
data2<16>      |cflag          |   13.784|
data2<16>      |dataout<16>    |    7.342|
data2<16>      |dataout<17>    |    8.203|
data2<16>      |dataout<18>    |    9.088|
data2<16>      |dataout<19>    |    9.739|
data2<16>      |dataout<20>    |   11.079|
data2<16>      |dataout<21>    |   10.098|
data2<16>      |dataout<22>    |   10.703|
data2<16>      |dataout<23>    |   11.875|
data2<16>      |dataout<24>    |   11.594|
data2<16>      |dataout<25>    |   12.098|
data2<16>      |dataout<26>    |   12.246|
data2<16>      |dataout<27>    |   12.963|
data2<16>      |dataout<28>    |   12.980|
data2<16>      |dataout<29>    |   13.895|
data2<16>      |dataout<30>    |   14.493|
data2<16>      |dataout<31>    |   14.179|
data2<16>      |zflag          |   16.103|
data2<17>      |cflag          |   11.778|
data2<17>      |dataout<17>    |    7.621|
data2<17>      |dataout<18>    |    7.782|
data2<17>      |dataout<19>    |    7.733|
data2<17>      |dataout<20>    |    9.073|
data2<17>      |dataout<21>    |    8.092|
data2<17>      |dataout<22>    |    8.697|
data2<17>      |dataout<23>    |    9.869|
data2<17>      |dataout<24>    |    9.588|
data2<17>      |dataout<25>    |   10.092|
data2<17>      |dataout<26>    |   10.240|
data2<17>      |dataout<27>    |   10.957|
data2<17>      |dataout<28>    |   10.974|
data2<17>      |dataout<29>    |   11.889|
data2<17>      |dataout<30>    |   12.487|
data2<17>      |dataout<31>    |   12.173|
data2<17>      |zflag          |   14.097|
data2<18>      |cflag          |   11.957|
data2<18>      |dataout<18>    |    7.585|
data2<18>      |dataout<19>    |    7.912|
data2<18>      |dataout<20>    |    9.252|
data2<18>      |dataout<21>    |    8.271|
data2<18>      |dataout<22>    |    8.876|
data2<18>      |dataout<23>    |   10.048|
data2<18>      |dataout<24>    |    9.767|
data2<18>      |dataout<25>    |   10.271|
data2<18>      |dataout<26>    |   10.419|
data2<18>      |dataout<27>    |   11.136|
data2<18>      |dataout<28>    |   11.153|
data2<18>      |dataout<29>    |   12.068|
data2<18>      |dataout<30>    |   12.666|
data2<18>      |dataout<31>    |   12.352|
data2<18>      |zflag          |   14.276|
data2<19>      |cflag          |   11.260|
data2<19>      |dataout<19>    |    6.696|
data2<19>      |dataout<20>    |    8.089|
data2<19>      |dataout<21>    |    7.574|
data2<19>      |dataout<22>    |    8.179|
data2<19>      |dataout<23>    |    9.351|
data2<19>      |dataout<24>    |    9.070|
data2<19>      |dataout<25>    |    9.574|
data2<19>      |dataout<26>    |    9.722|
data2<19>      |dataout<27>    |   10.439|
data2<19>      |dataout<28>    |   10.456|
data2<19>      |dataout<29>    |   11.371|
data2<19>      |dataout<30>    |   11.969|
data2<19>      |dataout<31>    |   11.655|
data2<19>      |zflag          |   13.579|
data2<20>      |cflag          |   11.229|
data2<20>      |dataout<20>    |    8.104|
data2<20>      |dataout<21>    |    7.543|
data2<20>      |dataout<22>    |    8.148|
data2<20>      |dataout<23>    |    9.320|
data2<20>      |dataout<24>    |    9.039|
data2<20>      |dataout<25>    |    9.543|
data2<20>      |dataout<26>    |    9.691|
data2<20>      |dataout<27>    |   10.408|
data2<20>      |dataout<28>    |   10.425|
data2<20>      |dataout<29>    |   11.340|
data2<20>      |dataout<30>    |   11.938|
data2<20>      |dataout<31>    |   11.624|
data2<20>      |zflag          |   13.548|
data2<21>      |cflag          |   10.706|
data2<21>      |dataout<21>    |    7.699|
data2<21>      |dataout<22>    |    7.587|
data2<21>      |dataout<23>    |    8.797|
data2<21>      |dataout<24>    |    8.516|
data2<21>      |dataout<25>    |    9.020|
data2<21>      |dataout<26>    |    9.168|
data2<21>      |dataout<27>    |    9.885|
data2<21>      |dataout<28>    |    9.902|
data2<21>      |dataout<29>    |   10.817|
data2<21>      |dataout<30>    |   11.415|
data2<21>      |dataout<31>    |   11.101|
data2<21>      |zflag          |   13.025|
data2<22>      |cflag          |   10.341|
data2<22>      |dataout<22>    |    7.766|
data2<22>      |dataout<23>    |    8.432|
data2<22>      |dataout<24>    |    8.151|
data2<22>      |dataout<25>    |    8.655|
data2<22>      |dataout<26>    |    8.803|
data2<22>      |dataout<27>    |    9.520|
data2<22>      |dataout<28>    |    9.537|
data2<22>      |dataout<29>    |   10.452|
data2<22>      |dataout<30>    |   11.050|
data2<22>      |dataout<31>    |   10.736|
data2<22>      |zflag          |   12.660|
data2<23>      |cflag          |   10.165|
data2<23>      |dataout<23>    |    7.866|
data2<23>      |dataout<24>    |    8.261|
data2<23>      |dataout<25>    |    8.479|
data2<23>      |dataout<26>    |    8.627|
data2<23>      |dataout<27>    |    9.344|
data2<23>      |dataout<28>    |    9.361|
data2<23>      |dataout<29>    |   10.276|
data2<23>      |dataout<30>    |   10.874|
data2<23>      |dataout<31>    |   10.560|
data2<23>      |zflag          |   12.484|
data2<24>      |cflag          |   10.264|
data2<24>      |dataout<24>    |    8.067|
data2<24>      |dataout<25>    |    8.578|
data2<24>      |dataout<26>    |    8.726|
data2<24>      |dataout<27>    |    9.443|
data2<24>      |dataout<28>    |    9.460|
data2<24>      |dataout<29>    |   10.375|
data2<24>      |dataout<30>    |   10.973|
data2<24>      |dataout<31>    |   10.659|
data2<24>      |zflag          |   12.583|
data2<25>      |cflag          |    8.695|
data2<25>      |dataout<25>    |    7.223|
data2<25>      |dataout<26>    |    7.507|
data2<25>      |dataout<27>    |    7.874|
data2<25>      |dataout<28>    |    7.891|
data2<25>      |dataout<29>    |    8.806|
data2<25>      |dataout<30>    |    9.404|
data2<25>      |dataout<31>    |    9.090|
data2<25>      |zflag          |   11.014|
data2<26>      |cflag          |    9.069|
data2<26>      |dataout<26>    |    7.754|
data2<26>      |dataout<27>    |    8.248|
data2<26>      |dataout<28>    |    8.265|
data2<26>      |dataout<29>    |    9.180|
data2<26>      |dataout<30>    |    9.778|
data2<26>      |dataout<31>    |    9.464|
data2<26>      |zflag          |   11.388|
data2<27>      |cflag          |    8.730|
data2<27>      |dataout<27>    |    7.524|
data2<27>      |dataout<28>    |    7.754|
data2<27>      |dataout<29>    |    8.841|
data2<27>      |dataout<30>    |    9.439|
data2<27>      |dataout<31>    |    9.125|
data2<27>      |zflag          |   11.049|
data2<28>      |cflag          |    8.778|
data2<28>      |dataout<28>    |    7.618|
data2<28>      |dataout<29>    |    8.889|
data2<28>      |dataout<30>    |    9.487|
data2<28>      |dataout<31>    |    9.173|
data2<28>      |zflag          |   11.097|
data2<29>      |cflag          |    7.290|
data2<29>      |dataout<29>    |    7.464|
data2<29>      |dataout<30>    |    7.764|
data2<29>      |dataout<31>    |    7.685|
data2<29>      |zflag          |    9.374|
data2<30>      |cflag          |    7.453|
data2<30>      |dataout<30>    |    7.725|
data2<30>      |dataout<31>    |    7.848|
data2<30>      |zflag          |    9.335|
data2<31>      |cflag          |    6.609|
data2<31>      |dataout<31>    |    7.830|
data2<31>      |zflag          |    9.038|
---------------+---------------+---------+


Analysis completed Sun Apr 05 21:31:26 2020 
--------------------------------------------------------------------------------

Trace Settings:
-------------------------
Trace Settings 

Peak Memory Usage: 411 MB



